<?xml version="1.0" encoding="UTF-8"?>
<!-- Generated by org.testng.reporters.JUnitXMLReporter -->
<testsuite hostname="LAPTOP-F1M00SRG" ignored="0" name="chromeTest" tests="3" failures="0" timestamp="30 Dec 2018 15:00:45 GMT" time="54.143" errors="0">
  <testcase name="testInvokeApplication" time="12.32" classname="testcases.executeTestThroughTestNg"/>
  <testcase name="testLogin" time="6.899" classname="testcases.executeTestThroughTestNg"/>
  <testcase name="testBookATicket" time="7.903" classname="testcases.executeTestThroughTestNg"/>
</testsuite> <!-- chromeTest -->
