<?xml version="1.0" encoding="UTF-8"?>
<!-- Generated by org.testng.reporters.JUnitXMLReporter -->
<testsuite hostname="LAPTOP-F1M00SRG" ignored="0" name="firefoxTest" tests="5" failures="2" timestamp="08 Aug 2018 07:12:25 GMT" time="65.983" errors="0">
  <testcase name="testInvokeApplication" time="7.338" classname="testcases.executeTestThroughTestNg"/>
  <testcase name="testLogin" time="10.209" classname="testcases.executeTestThroughTestNg">
    <failure type="java.lang.AssertionError" message="expected [true] but found [false]">
      <![CDATA[java.lang.AssertionError: expected [true] but found [false]
at operation.UIOperation.assertPageTitle(Unknown Source)
at testcases.executeTestThroughTestNg.testLogin(Unknown Source)
... Removed 28 stack frames]]>
    </failure>
  </testcase> <!-- testLogin -->
  <testcase name="testBookATicket" time="11.881" classname="testcases.executeTestThroughTestNg"/>
  <testcase name="testFail" time="0.0" classname="testcases.executeTestThroughTestNg">
    <failure type="java.lang.AssertionError">
      <![CDATA[java.lang.AssertionError
at org.junit.Assert.fail(Assert.java:86)
at org.junit.Assert.assertTrue(Assert.java:41)
at org.junit.Assert.assertTrue(Assert.java:52)
at testcases.executeTestThroughTestNg.testFail(Unknown Source)
... Removed 24 stack frames]]>
    </failure>
  </testcase> <!-- testFail -->
  <testcase name="testSKip" time="0.0" classname="testcases.executeTestThroughTestNg">
    <skipped/>
  </testcase> <!-- testSKip -->
</testsuite> <!-- firefoxTest -->
