<?xml version="1.0" encoding="UTF-8"?>
<testng-results skipped="0" failed="1" ignored="0" total="6" passed="5">
  <reporter-output>
  </reporter-output>
  <suite name="Suite" duration-ms="123366" started-at="2018-12-30T14:59:51Z" finished-at="2018-12-30T15:01:54Z">
    <groups>
    </groups>
    <test name="chromeTest" duration-ms="54143" started-at="2018-12-30T14:59:51Z" finished-at="2018-12-30T15:00:45Z">
      <class name="testcases.executeTestThroughTestNg">
        <test-method status="PASS" signature="setUP(java.lang.String)[pri:0, instance:testcases.executeTestThroughTestNg@4923ab24]" name="setUP" is-config="true" duration-ms="22491" started-at="2018-12-30T14:59:51Z" finished-at="2018-12-30T15:00:13Z">
          <params>
            <param index="0">
              <value>
                <![CDATA[chrome]]>
              </value>
            </param>
          </params>
          <reporter-output>
          </reporter-output>
        </test-method> <!-- setUP -->
        <test-method status="PASS" signature="startTestCase(java.lang.reflect.Method)[pri:0, instance:testcases.executeTestThroughTestNg@4923ab24]" name="startTestCase" is-config="true" duration-ms="138" started-at="2018-12-30T15:00:13Z" finished-at="2018-12-30T15:00:14Z">
          <params>
            <param index="0">
              <value>
                <![CDATA[public void testcases.executeTestThroughTestNg.testInvokeApplication() throws java.io.IOException]]>
              </value>
            </param>
          </params>
          <reporter-output>
          </reporter-output>
        </test-method> <!-- startTestCase -->
        <test-method status="PASS" signature="testInvokeApplication()[pri:0, instance:testcases.executeTestThroughTestNg@4923ab24]" name="testInvokeApplication" duration-ms="12320" started-at="2018-12-30T15:00:14Z" finished-at="2018-12-30T15:00:26Z">
          <reporter-output>
          </reporter-output>
        </test-method> <!-- testInvokeApplication -->
        <test-method status="PASS" signature="generateReport(org.testng.ITestResult)[pri:0, instance:testcases.executeTestThroughTestNg@4923ab24]" name="generateReport" is-config="true" duration-ms="1407" started-at="2018-12-30T15:00:26Z" finished-at="2018-12-30T15:00:27Z">
          <params>
            <param index="0">
              <value>
                <![CDATA[[TestResult name=testInvokeApplication status=SUCCESS method=executeTestThroughTestNg.testInvokeApplication()[pri:0, instance:testcases.executeTestThroughTestNg@4923ab24] output={null}]]]>
              </value>
            </param>
          </params>
          <reporter-output>
          </reporter-output>
        </test-method> <!-- generateReport -->
        <test-method status="PASS" signature="startTestCase(java.lang.reflect.Method)[pri:0, instance:testcases.executeTestThroughTestNg@4923ab24]" name="startTestCase" is-config="true" duration-ms="2" started-at="2018-12-30T15:00:27Z" finished-at="2018-12-30T15:00:27Z">
          <params>
            <param index="0">
              <value>
                <![CDATA[public void testcases.executeTestThroughTestNg.testLogin() throws java.io.IOException]]>
              </value>
            </param>
          </params>
          <reporter-output>
          </reporter-output>
        </test-method> <!-- startTestCase -->
        <test-method status="PASS" signature="testLogin()[pri:1, instance:testcases.executeTestThroughTestNg@4923ab24]" name="testLogin" duration-ms="6899" started-at="2018-12-30T15:00:27Z" finished-at="2018-12-30T15:00:34Z">
          <reporter-output>
          </reporter-output>
        </test-method> <!-- testLogin -->
        <test-method status="PASS" signature="generateReport(org.testng.ITestResult)[pri:0, instance:testcases.executeTestThroughTestNg@4923ab24]" name="generateReport" is-config="true" duration-ms="440" started-at="2018-12-30T15:00:34Z" finished-at="2018-12-30T15:00:35Z">
          <params>
            <param index="0">
              <value>
                <![CDATA[[TestResult name=testLogin status=SUCCESS method=executeTestThroughTestNg.testLogin()[pri:1, instance:testcases.executeTestThroughTestNg@4923ab24] output={null}]]]>
              </value>
            </param>
          </params>
          <reporter-output>
          </reporter-output>
        </test-method> <!-- generateReport -->
        <test-method status="PASS" signature="testBookATicket()[pri:2, instance:testcases.executeTestThroughTestNg@4923ab24]" name="testBookATicket" duration-ms="7903" started-at="2018-12-30T15:00:35Z" finished-at="2018-12-30T15:00:42Z">
          <reporter-output>
          </reporter-output>
        </test-method> <!-- testBookATicket -->
        <test-method status="PASS" signature="startTestCase(java.lang.reflect.Method)[pri:0, instance:testcases.executeTestThroughTestNg@4923ab24]" name="startTestCase" is-config="true" duration-ms="0" started-at="2018-12-30T15:00:35Z" finished-at="2018-12-30T15:00:35Z">
          <params>
            <param index="0">
              <value>
                <![CDATA[public void testcases.executeTestThroughTestNg.testBookATicket() throws java.io.IOException]]>
              </value>
            </param>
          </params>
          <reporter-output>
          </reporter-output>
        </test-method> <!-- startTestCase -->
        <test-method status="PASS" signature="generateReport(org.testng.ITestResult)[pri:0, instance:testcases.executeTestThroughTestNg@4923ab24]" name="generateReport" is-config="true" duration-ms="404" started-at="2018-12-30T15:00:43Z" finished-at="2018-12-30T15:00:43Z">
          <params>
            <param index="0">
              <value>
                <![CDATA[[TestResult name=testBookATicket status=SUCCESS method=executeTestThroughTestNg.testBookATicket()[pri:2, instance:testcases.executeTestThroughTestNg@4923ab24] output={null}]]]>
              </value>
            </param>
          </params>
          <reporter-output>
          </reporter-output>
        </test-method> <!-- generateReport -->
        <test-method status="PASS" signature="tearDown()[pri:0, instance:testcases.executeTestThroughTestNg@4923ab24]" name="tearDown" is-config="true" duration-ms="2040" started-at="2018-12-30T15:00:43Z" finished-at="2018-12-30T15:00:45Z">
          <reporter-output>
          </reporter-output>
        </test-method> <!-- tearDown -->
      </class> <!-- testcases.executeTestThroughTestNg -->
    </test> <!-- chromeTest -->
    <test name="firefoxTest" duration-ms="68912" started-at="2018-12-30T15:00:45Z" finished-at="2018-12-30T15:01:54Z">
      <class name="testcases.executeTestThroughTestNg">
        <test-method status="PASS" signature="setUP(java.lang.String)[pri:0, instance:testcases.executeTestThroughTestNg@2db7a79b]" name="setUP" is-config="true" duration-ms="46652" started-at="2018-12-30T15:00:45Z" finished-at="2018-12-30T15:01:32Z">
          <params>
            <param index="0">
              <value>
                <![CDATA[firefox]]>
              </value>
            </param>
          </params>
          <reporter-output>
          </reporter-output>
        </test-method> <!-- setUP -->
        <test-method status="PASS" signature="startTestCase(java.lang.reflect.Method)[pri:0, instance:testcases.executeTestThroughTestNg@2db7a79b]" name="startTestCase" is-config="true" duration-ms="1" started-at="2018-12-30T15:01:32Z" finished-at="2018-12-30T15:01:32Z">
          <params>
            <param index="0">
              <value>
                <![CDATA[public void testcases.executeTestThroughTestNg.testInvokeApplication() throws java.io.IOException]]>
              </value>
            </param>
          </params>
          <reporter-output>
          </reporter-output>
        </test-method> <!-- startTestCase -->
        <test-method status="PASS" signature="testInvokeApplication()[pri:0, instance:testcases.executeTestThroughTestNg@2db7a79b]" name="testInvokeApplication" duration-ms="4001" started-at="2018-12-30T15:01:32Z" finished-at="2018-12-30T15:01:36Z">
          <reporter-output>
          </reporter-output>
        </test-method> <!-- testInvokeApplication -->
        <test-method status="PASS" signature="generateReport(org.testng.ITestResult)[pri:0, instance:testcases.executeTestThroughTestNg@2db7a79b]" name="generateReport" is-config="true" duration-ms="681" started-at="2018-12-30T15:01:36Z" finished-at="2018-12-30T15:01:37Z">
          <params>
            <param index="0">
              <value>
                <![CDATA[[TestResult name=testInvokeApplication status=SUCCESS method=executeTestThroughTestNg.testInvokeApplication()[pri:0, instance:testcases.executeTestThroughTestNg@2db7a79b] output={null}]]]>
              </value>
            </param>
          </params>
          <reporter-output>
          </reporter-output>
        </test-method> <!-- generateReport -->
        <test-method status="PASS" signature="startTestCase(java.lang.reflect.Method)[pri:0, instance:testcases.executeTestThroughTestNg@2db7a79b]" name="startTestCase" is-config="true" duration-ms="1" started-at="2018-12-30T15:01:37Z" finished-at="2018-12-30T15:01:37Z">
          <params>
            <param index="0">
              <value>
                <![CDATA[public void testcases.executeTestThroughTestNg.testLogin() throws java.io.IOException]]>
              </value>
            </param>
          </params>
          <reporter-output>
          </reporter-output>
        </test-method> <!-- startTestCase -->
        <test-method status="FAIL" signature="testLogin()[pri:1, instance:testcases.executeTestThroughTestNg@2db7a79b]" name="testLogin" duration-ms="8232" started-at="2018-12-30T15:01:37Z" finished-at="2018-12-30T15:01:45Z">
          <exception class="java.lang.AssertionError">
            <message>
              <![CDATA[expected [true] but found [false]]]>
            </message>
            <full-stacktrace>
              <![CDATA[java.lang.AssertionError: expected [true] but found [false]
at org.testng.Assert.fail(Assert.java:96)
at org.testng.Assert.failNotEquals(Assert.java:776)
at org.testng.Assert.assertTrue(Assert.java:44)
at org.testng.Assert.assertTrue(Assert.java:54)
at operation.UIOperation.assertPageTitle(UIOperation.java:38)
at testcases.executeTestThroughTestNg.testLogin(executeTestThroughTestNg.java:133)
at sun.reflect.NativeMethodAccessorImpl.invoke0(Native Method)
at sun.reflect.NativeMethodAccessorImpl.invoke(NativeMethodAccessorImpl.java:62)
at sun.reflect.DelegatingMethodAccessorImpl.invoke(DelegatingMethodAccessorImpl.java:43)
at java.lang.reflect.Method.invoke(Method.java:498)
at org.testng.internal.MethodInvocationHelper.invokeMethod(MethodInvocationHelper.java:124)
at org.testng.internal.Invoker.invokeMethod(Invoker.java:580)
at org.testng.internal.Invoker.invokeTestMethod(Invoker.java:716)
at org.testng.internal.Invoker.invokeTestMethods(Invoker.java:988)
at org.testng.internal.TestMethodWorker.invokeTestMethods(TestMethodWorker.java:125)
at org.testng.internal.TestMethodWorker.run(TestMethodWorker.java:109)
at org.testng.TestRunner.privateRun(TestRunner.java:648)
at org.testng.TestRunner.run(TestRunner.java:505)
at org.testng.SuiteRunner.runTest(SuiteRunner.java:455)
at org.testng.SuiteRunner.runSequentially(SuiteRunner.java:450)
at org.testng.SuiteRunner.privateRun(SuiteRunner.java:415)
at org.testng.SuiteRunner.run(SuiteRunner.java:364)
at org.testng.SuiteRunnerWorker.runSuite(SuiteRunnerWorker.java:52)
at org.testng.SuiteRunnerWorker.run(SuiteRunnerWorker.java:84)
at org.testng.TestNG.runSuitesSequentially(TestNG.java:1208)
at org.testng.TestNG.runSuitesLocally(TestNG.java:1137)
at org.testng.TestNG.runSuites(TestNG.java:1049)
at org.testng.TestNG.run(TestNG.java:1017)
at org.testng.remote.AbstractRemoteTestNG.run(AbstractRemoteTestNG.java:114)
at org.testng.remote.RemoteTestNG.initAndRun(RemoteTestNG.java:251)
at org.testng.remote.RemoteTestNG.main(RemoteTestNG.java:77)
]]>
            </full-stacktrace>
          </exception> <!-- java.lang.AssertionError -->
          <reporter-output>
          </reporter-output>
        </test-method> <!-- testLogin -->
        <test-method status="PASS" signature="generateReport(org.testng.ITestResult)[pri:0, instance:testcases.executeTestThroughTestNg@2db7a79b]" name="generateReport" is-config="true" duration-ms="286" started-at="2018-12-30T15:01:45Z" finished-at="2018-12-30T15:01:45Z">
          <params>
            <param index="0">
              <value>
                <![CDATA[[TestResult name=testLogin status=FAILURE method=executeTestThroughTestNg.testLogin()[pri:1, instance:testcases.executeTestThroughTestNg@2db7a79b] output={null}]]]>
              </value>
            </param>
          </params>
          <reporter-output>
          </reporter-output>
        </test-method> <!-- generateReport -->
        <test-method status="PASS" signature="startTestCase(java.lang.reflect.Method)[pri:0, instance:testcases.executeTestThroughTestNg@2db7a79b]" name="startTestCase" is-config="true" duration-ms="0" started-at="2018-12-30T15:01:45Z" finished-at="2018-12-30T15:01:45Z">
          <params>
            <param index="0">
              <value>
                <![CDATA[public void testcases.executeTestThroughTestNg.testBookATicket() throws java.io.IOException]]>
              </value>
            </param>
          </params>
          <reporter-output>
          </reporter-output>
        </test-method> <!-- startTestCase -->
        <test-method status="PASS" signature="testBookATicket()[pri:2, instance:testcases.executeTestThroughTestNg@2db7a79b]" name="testBookATicket" duration-ms="7833" started-at="2018-12-30T15:01:45Z" finished-at="2018-12-30T15:01:53Z">
          <reporter-output>
          </reporter-output>
        </test-method> <!-- testBookATicket -->
        <test-method status="PASS" signature="generateReport(org.testng.ITestResult)[pri:0, instance:testcases.executeTestThroughTestNg@2db7a79b]" name="generateReport" is-config="true" duration-ms="346" started-at="2018-12-30T15:01:53Z" finished-at="2018-12-30T15:01:53Z">
          <params>
            <param index="0">
              <value>
                <![CDATA[[TestResult name=testBookATicket status=SUCCESS method=executeTestThroughTestNg.testBookATicket()[pri:2, instance:testcases.executeTestThroughTestNg@2db7a79b] output={null}]]]>
              </value>
            </param>
          </params>
          <reporter-output>
          </reporter-output>
        </test-method> <!-- generateReport -->
        <test-method status="PASS" signature="tearDown()[pri:0, instance:testcases.executeTestThroughTestNg@2db7a79b]" name="tearDown" is-config="true" duration-ms="783" started-at="2018-12-30T15:01:53Z" finished-at="2018-12-30T15:01:54Z">
          <reporter-output>
          </reporter-output>
        </test-method> <!-- tearDown -->
      </class> <!-- testcases.executeTestThroughTestNg -->
    </test> <!-- firefoxTest -->
  </suite> <!-- Suite -->
</testng-results>
