<?xml version="1.0" encoding="UTF-8"?>
<testng-results skipped="0" failed="0" ignored="0" total="6" passed="6">
  <reporter-output>
  </reporter-output>
  <suite name="Suite" duration-ms="100575" started-at="2018-12-31T05:01:25Z" finished-at="2018-12-31T05:03:06Z">
    <groups>
    </groups>
    <test name="chromeTest" duration-ms="43510" started-at="2018-12-31T05:01:25Z" finished-at="2018-12-31T05:02:09Z">
      <class name="testcases.executeTestThroughTestNg">
        <test-method status="PASS" signature="setUP(java.lang.String)[pri:0, instance:testcases.executeTestThroughTestNg@5f341870]" name="setUP" is-config="true" duration-ms="17374" started-at="2018-12-31T05:01:25Z" finished-at="2018-12-31T05:01:43Z">
          <params>
            <param index="0">
              <value>
                <![CDATA[chrome]]>
              </value>
            </param>
          </params>
          <reporter-output>
          </reporter-output>
        </test-method> <!-- setUP -->
        <test-method status="PASS" signature="startTestCase(java.lang.reflect.Method)[pri:0, instance:testcases.executeTestThroughTestNg@5f341870]" name="startTestCase" is-config="true" duration-ms="15" started-at="2018-12-31T05:01:43Z" finished-at="2018-12-31T05:01:43Z">
          <params>
            <param index="0">
              <value>
                <![CDATA[public void testcases.executeTestThroughTestNg.testInvokeApplication() throws java.io.IOException]]>
              </value>
            </param>
          </params>
          <reporter-output>
          </reporter-output>
        </test-method> <!-- startTestCase -->
        <test-method status="PASS" signature="testInvokeApplication()[pri:0, instance:testcases.executeTestThroughTestNg@5f341870]" name="testInvokeApplication" duration-ms="10914" started-at="2018-12-31T05:01:43Z" finished-at="2018-12-31T05:01:54Z">
          <reporter-output>
          </reporter-output>
        </test-method> <!-- testInvokeApplication -->
        <test-method status="PASS" signature="generateReport(org.testng.ITestResult)[pri:0, instance:testcases.executeTestThroughTestNg@5f341870]" name="generateReport" is-config="true" duration-ms="937" started-at="2018-12-31T05:01:54Z" finished-at="2018-12-31T05:01:55Z">
          <params>
            <param index="0">
              <value>
                <![CDATA[[TestResult name=testInvokeApplication status=SUCCESS method=executeTestThroughTestNg.testInvokeApplication()[pri:0, instance:testcases.executeTestThroughTestNg@5f341870] output={null}]]]>
              </value>
            </param>
          </params>
          <reporter-output>
          </reporter-output>
        </test-method> <!-- generateReport -->
        <test-method status="PASS" signature="startTestCase(java.lang.reflect.Method)[pri:0, instance:testcases.executeTestThroughTestNg@5f341870]" name="startTestCase" is-config="true" duration-ms="2" started-at="2018-12-31T05:01:55Z" finished-at="2018-12-31T05:01:55Z">
          <params>
            <param index="0">
              <value>
                <![CDATA[public void testcases.executeTestThroughTestNg.testLogin() throws java.io.IOException]]>
              </value>
            </param>
          </params>
          <reporter-output>
          </reporter-output>
        </test-method> <!-- startTestCase -->
        <test-method status="PASS" signature="testLogin()[pri:1, instance:testcases.executeTestThroughTestNg@5f341870]" name="testLogin" duration-ms="5599" started-at="2018-12-31T05:01:55Z" finished-at="2018-12-31T05:02:00Z">
          <reporter-output>
          </reporter-output>
        </test-method> <!-- testLogin -->
        <test-method status="PASS" signature="generateReport(org.testng.ITestResult)[pri:0, instance:testcases.executeTestThroughTestNg@5f341870]" name="generateReport" is-config="true" duration-ms="370" started-at="2018-12-31T05:02:00Z" finished-at="2018-12-31T05:02:01Z">
          <params>
            <param index="0">
              <value>
                <![CDATA[[TestResult name=testLogin status=SUCCESS method=executeTestThroughTestNg.testLogin()[pri:1, instance:testcases.executeTestThroughTestNg@5f341870] output={null}]]]>
              </value>
            </param>
          </params>
          <reporter-output>
          </reporter-output>
        </test-method> <!-- generateReport -->
        <test-method status="PASS" signature="startTestCase(java.lang.reflect.Method)[pri:0, instance:testcases.executeTestThroughTestNg@5f341870]" name="startTestCase" is-config="true" duration-ms="0" started-at="2018-12-31T05:02:01Z" finished-at="2018-12-31T05:02:01Z">
          <params>
            <param index="0">
              <value>
                <![CDATA[public void testcases.executeTestThroughTestNg.testBookATicket() throws java.io.IOException]]>
              </value>
            </param>
          </params>
          <reporter-output>
          </reporter-output>
        </test-method> <!-- startTestCase -->
        <test-method status="PASS" signature="testBookATicket()[pri:2, instance:testcases.executeTestThroughTestNg@5f341870]" name="testBookATicket" duration-ms="6119" started-at="2018-12-31T05:02:01Z" finished-at="2018-12-31T05:02:07Z">
          <reporter-output>
          </reporter-output>
        </test-method> <!-- testBookATicket -->
        <test-method status="PASS" signature="generateReport(org.testng.ITestResult)[pri:0, instance:testcases.executeTestThroughTestNg@5f341870]" name="generateReport" is-config="true" duration-ms="379" started-at="2018-12-31T05:02:07Z" finished-at="2018-12-31T05:02:07Z">
          <params>
            <param index="0">
              <value>
                <![CDATA[[TestResult name=testBookATicket status=SUCCESS method=executeTestThroughTestNg.testBookATicket()[pri:2, instance:testcases.executeTestThroughTestNg@5f341870] output={null}]]]>
              </value>
            </param>
          </params>
          <reporter-output>
          </reporter-output>
        </test-method> <!-- generateReport -->
        <test-method status="PASS" signature="tearDown()[pri:0, instance:testcases.executeTestThroughTestNg@5f341870]" name="tearDown" is-config="true" duration-ms="1713" started-at="2018-12-31T05:02:07Z" finished-at="2018-12-31T05:02:09Z">
          <reporter-output>
          </reporter-output>
        </test-method> <!-- tearDown -->
      </class> <!-- testcases.executeTestThroughTestNg -->
    </test> <!-- chromeTest -->
    <test name="firefoxTest" duration-ms="56984" started-at="2018-12-31T05:02:09Z" finished-at="2018-12-31T05:03:06Z">
      <class name="testcases.executeTestThroughTestNg">
        <test-method status="PASS" signature="setUP(java.lang.String)[pri:0, instance:testcases.executeTestThroughTestNg@ff5b51f]" name="setUP" is-config="true" duration-ms="34598" started-at="2018-12-31T05:02:09Z" finished-at="2018-12-31T05:02:44Z">
          <params>
            <param index="0">
              <value>
                <![CDATA[firefox]]>
              </value>
            </param>
          </params>
          <reporter-output>
          </reporter-output>
        </test-method> <!-- setUP -->
        <test-method status="PASS" signature="startTestCase(java.lang.reflect.Method)[pri:0, instance:testcases.executeTestThroughTestNg@ff5b51f]" name="startTestCase" is-config="true" duration-ms="1" started-at="2018-12-31T05:02:44Z" finished-at="2018-12-31T05:02:44Z">
          <params>
            <param index="0">
              <value>
                <![CDATA[public void testcases.executeTestThroughTestNg.testInvokeApplication() throws java.io.IOException]]>
              </value>
            </param>
          </params>
          <reporter-output>
          </reporter-output>
        </test-method> <!-- startTestCase -->
        <test-method status="PASS" signature="testInvokeApplication()[pri:0, instance:testcases.executeTestThroughTestNg@ff5b51f]" name="testInvokeApplication" duration-ms="4310" started-at="2018-12-31T05:02:44Z" finished-at="2018-12-31T05:02:48Z">
          <reporter-output>
          </reporter-output>
        </test-method> <!-- testInvokeApplication -->
        <test-method status="PASS" signature="generateReport(org.testng.ITestResult)[pri:0, instance:testcases.executeTestThroughTestNg@ff5b51f]" name="generateReport" is-config="true" duration-ms="247" started-at="2018-12-31T05:02:48Z" finished-at="2018-12-31T05:02:48Z">
          <params>
            <param index="0">
              <value>
                <![CDATA[[TestResult name=testInvokeApplication status=SUCCESS method=executeTestThroughTestNg.testInvokeApplication()[pri:0, instance:testcases.executeTestThroughTestNg@ff5b51f] output={null}]]]>
              </value>
            </param>
          </params>
          <reporter-output>
          </reporter-output>
        </test-method> <!-- generateReport -->
        <test-method status="PASS" signature="startTestCase(java.lang.reflect.Method)[pri:0, instance:testcases.executeTestThroughTestNg@ff5b51f]" name="startTestCase" is-config="true" duration-ms="1" started-at="2018-12-31T05:02:48Z" finished-at="2018-12-31T05:02:48Z">
          <params>
            <param index="0">
              <value>
                <![CDATA[public void testcases.executeTestThroughTestNg.testLogin() throws java.io.IOException]]>
              </value>
            </param>
          </params>
          <reporter-output>
          </reporter-output>
        </test-method> <!-- startTestCase -->
        <test-method status="PASS" signature="testLogin()[pri:1, instance:testcases.executeTestThroughTestNg@ff5b51f]" name="testLogin" duration-ms="9791" started-at="2018-12-31T05:02:48Z" finished-at="2018-12-31T05:02:58Z">
          <reporter-output>
          </reporter-output>
        </test-method> <!-- testLogin -->
        <test-method status="PASS" signature="generateReport(org.testng.ITestResult)[pri:0, instance:testcases.executeTestThroughTestNg@ff5b51f]" name="generateReport" is-config="true" duration-ms="318" started-at="2018-12-31T05:02:58Z" finished-at="2018-12-31T05:02:58Z">
          <params>
            <param index="0">
              <value>
                <![CDATA[[TestResult name=testLogin status=SUCCESS method=executeTestThroughTestNg.testLogin()[pri:1, instance:testcases.executeTestThroughTestNg@ff5b51f] output={null}]]]>
              </value>
            </param>
          </params>
          <reporter-output>
          </reporter-output>
        </test-method> <!-- generateReport -->
        <test-method status="PASS" signature="startTestCase(java.lang.reflect.Method)[pri:0, instance:testcases.executeTestThroughTestNg@ff5b51f]" name="startTestCase" is-config="true" duration-ms="0" started-at="2018-12-31T05:02:58Z" finished-at="2018-12-31T05:02:58Z">
          <params>
            <param index="0">
              <value>
                <![CDATA[public void testcases.executeTestThroughTestNg.testBookATicket() throws java.io.IOException]]>
              </value>
            </param>
          </params>
          <reporter-output>
          </reporter-output>
        </test-method> <!-- startTestCase -->
        <test-method status="PASS" signature="testBookATicket()[pri:2, instance:testcases.executeTestThroughTestNg@ff5b51f]" name="testBookATicket" duration-ms="7049" started-at="2018-12-31T05:02:58Z" finished-at="2018-12-31T05:03:05Z">
          <reporter-output>
          </reporter-output>
        </test-method> <!-- testBookATicket -->
        <test-method status="PASS" signature="generateReport(org.testng.ITestResult)[pri:0, instance:testcases.executeTestThroughTestNg@ff5b51f]" name="generateReport" is-config="true" duration-ms="159" started-at="2018-12-31T05:03:05Z" finished-at="2018-12-31T05:03:05Z">
          <params>
            <param index="0">
              <value>
                <![CDATA[[TestResult name=testBookATicket status=SUCCESS method=executeTestThroughTestNg.testBookATicket()[pri:2, instance:testcases.executeTestThroughTestNg@ff5b51f] output={null}]]]>
              </value>
            </param>
          </params>
          <reporter-output>
          </reporter-output>
        </test-method> <!-- generateReport -->
        <test-method status="PASS" signature="tearDown()[pri:0, instance:testcases.executeTestThroughTestNg@ff5b51f]" name="tearDown" is-config="true" duration-ms="509" started-at="2018-12-31T05:03:05Z" finished-at="2018-12-31T05:03:06Z">
          <reporter-output>
          </reporter-output>
        </test-method> <!-- tearDown -->
      </class> <!-- testcases.executeTestThroughTestNg -->
    </test> <!-- firefoxTest -->
  </suite> <!-- Suite -->
</testng-results>
